1|0001_0094_0028_0093_0093.jpg 1 94 28 93 93
1|0002_0015_0033_0134_0134.jpg 1 15 33 134 134
1|0003_0062_0017_0052_0052.jpg 1 62 17 52 52
1|0004_0059_0038_0128_0128.jpg 1 59 38 128 128
1|0005_0107_0055_0075_0075.jpg 1 107 55 75 75
1|0006_0060_0109_0035_0035.jpg 1 60 109 35 35
1|0007_0031_0051_0118_0118.jpg 1 31 51 118 118
1|0008_0012_0075_0086_0086.jpg 1 12 75 86 86
1|0009_0037_0048_0089_0089.jpg 1 37 48 89 89
1|0010_0010_0039_0129_0129.jpg 1 10 39 129 129
1|0011_0022_0052_0117_0117.jpg 1 22 52 117 117
1|0012_0042_0046_0135_0135.jpg 1 42 46 135 135
1|0013_0083_0092_0033_0033.jpg 1 83 92 33 33
1|0014_0055_0095_0025_0025.jpg 1 55 95 25 25
1|0015_0031_0035_0117_0117.jpg 1 31 35 117 117
1|0016_0018_0109_0044_0044.jpg 1 18 109 44 44
1|0017_0047_0044_0127_0127.jpg 1 47 44 127 127
1|0018_0026_0025_0070_0070.jpg 1 26 25 70 70
1|0019_0131_0149_0028_0028.jpg 1 131 149 28 28
1|0020_0074_0071_0033_0033.jpg 1 74 71 33 33
1|0021_0040_0023_0107_0107.jpg 1 40 23 107 107
1|0022_0018_0050_0096_0096.jpg 1 18 50 96 96
1|0023_0068_0078_0072_0072.jpg 1 68 78 72 72
1|0024_0015_0018_0110_0110.jpg 1 15 18 110 110
1|0025_0026_0039_0026_0026.jpg 1 26 39 26 26
1|0026_0079_0020_0108_0108.jpg 1 79 20 108 108
1|0027_0082_0042_0099_0099.jpg 1 82 42 99 99
1|0028_0058_0034_0109_0109.jpg 1 58 34 109 109
1|0029_0131_0124_0033_0033.jpg 1 131 124 33 33
1|0030_0044_0020_0126_0126.jpg 1 44 20 126 126
1|0031_0069_0045_0044_0044.jpg 1 69 45 44 44
1|0032_0016_0014_0139_0139.jpg 1 16 14 139 139
1|0033_0102_0059_0081_0081.jpg 1 102 59 81 81
1|0034_0095_0082_0071_0071.jpg 1 95 82 71 71
1|0035_0024_0037_0137_0137.jpg 1 24 37 137 137
1|0036_0033_0047_0061_0061.jpg 1 33 47 61 61
1|0037_0082_0044_0107_0107.jpg 1 82 44 107 107
1|0038_0076_0078_0047_0047.jpg 1 76 78 47 47
1|0039_0057_0080_0087_0087.jpg 1 57 80 87 87
1|0040_0123_0108_0052_0052.jpg 1 123 108 52 52
1|0041_0145_0022_0033_0033.jpg 1 145 22 33 33
1|0042_0016_0093_0069_0069.jpg 1 16 93 69 69
1|0043_0075_0101_0079_0079.jpg 1 75 101 79 79
1|0044_0104_0072_0037_0037.jpg 1 104 72 37 37
1|0045_0034_0059_0051_0051.jpg 1 34 59 51 51
1|0046_0041_0091_0054_0054.jpg 1 41 91 54 54
1|0047_0148_0142_0025_0025.jpg 1 148 142 25 25
1|0048_0044_0073_0113_0113.jpg 1 44 73 113 113
2|0001_0038_0015_0083_0083.jpg 1 38 15 83 83
2|0002_0028_0104_0083_0083.jpg 1 28 104 83 83
2|0003_0090_0044_0052_0052.jpg 1 90 44 52 52
2|0004_0048_0016_0091_0091.jpg 1 48 16 91 91
2|0005_0061_0014_0061_0061.jpg 1 61 14 61 61
2|0006_0014_0035_0132_0132.jpg 1 14 35 132 132
2|0007_0034_0067_0025_0025.jpg 1 34 67 25 25
2|0008_0058_0037_0133_0133.jpg 1 58 37 133 133
2|0009_0016_0038_0094_0094.jpg 1 16 38 94 94
2|0010_0029_0047_0114_0114.jpg 1 29 47 114 114
2|0011_0077_0095_0064_0064.jpg 1 77 95 64 64
2|0012_0142_0043_0026_0026.jpg 1 142 43 26 26
2|0013_0056_0061_0035_0035.jpg 1 56 61 35 35
2|0014_0036_0040_0030_0030.jpg 1 36 40 30 30
2|0015_0024_0036_0099_0099.jpg 1 24 36 99 99
2|0016_0053_0039_0136_0136.jpg 1 53 39 136 136
2|0017_0025_0065_0081_0081.jpg 1 25 65 81 81
2|0018_0052_0024_0137_0137.jpg 1 52 24 137 137
2|0019_0053_0015_0121_0121.jpg 1 53 15 121 121
2|0020_0044_0043_0136_0136.jpg 1 44 43 136 136
2|0021_0009_0040_0126_0126.jpg 1 9 40 126 126
2|0022_0017_0037_0133_0133.jpg 1 17 37 133 133
2|0023_0007_0047_0138_0138.jpg 1 7 47 138 138
2|0024_0028_0032_0065_0065.jpg 1 28 32 65 65
2|0025_0048_0093_0048_0048.jpg 1 48 93 48 48
2|0026_0112_0020_0073_0073.jpg 1 112 20 73 73
2|0027_0047_0027_0130_0130.jpg 1 47 27 130 130
2|0028_0051_0009_0137_0137.jpg 1 51 9 137 137
2|0029_0013_0025_0119_0119.jpg 1 13 25 119 119
2|0030_0068_0080_0042_0042.jpg 1 68 80 42 42
2|0031_0073_0143_0037_0037.jpg 1 73 143 37 37
2|0032_0057_0070_0045_0045.jpg 1 57 70 45 45
2|0033_0138_0115_0038_0038.jpg 1 138 115 38 38
2|0034_0016_0042_0121_0121.jpg 1 16 42 121 121
2|0035_0053_0021_0075_0075.jpg 1 53 21 75 75
2|0036_0040_0090_0095_0095.jpg 1 40 90 95 95
2|0037_0056_0017_0083_0083.jpg 1 56 17 83 83
2|0038_0085_0080_0097_0097.jpg 1 85 80 97 97
2|0039_0038_0049_0130_0130.jpg 1 38 49 130 130
2|0040_0092_0063_0075_0075.jpg 1 92 63 75 75
2|0041_0047_0012_0082_0082.jpg 1 47 12 82 82
2|0042_0020_0025_0113_0113.jpg 1 20 25 113 113
2|0043_0009_0046_0122_0122.jpg 1 9 46 122 122
2|0044_0023_0062_0108_0108.jpg 1 23 62 108 108
2|0045_0057_0080_0100_0100.jpg 1 57 80 100 100
2|0046_0048_0029_0113_0113.jpg 1 48 29 113 113
2|0047_0011_0046_0125_0125.jpg 1 11 46 125 125
2|0048_0117_0090_0025_0025.jpg 1 117 90 25 25
3|0001_0038_0015_0083_0083.jpg 1 38 15 83 83
3|0002_0028_0104_0083_0083.jpg 1 28 104 83 83
3|0003_0090_0044_0052_0052.jpg 1 90 44 52 52
3|0004_0048_0016_0091_0091.jpg 1 48 16 91 91
3|0005_0061_0014_0061_0061.jpg 1 61 14 61 61
3|0006_0014_0035_0132_0132.jpg 1 14 35 132 132
3|0007_0034_0067_0025_0025.jpg 1 34 67 25 25
3|0008_0058_0037_0133_0133.jpg 1 58 37 133 133
3|0009_0016_0038_0094_0094.jpg 1 16 38 94 94
3|0010_0029_0047_0114_0114.jpg 1 29 47 114 114
3|0011_0077_0095_0064_0064.jpg 1 77 95 64 64
3|0012_0142_0043_0026_0026.jpg 1 142 43 26 26
3|0013_0056_0061_0035_0035.jpg 1 56 61 35 35
3|0014_0036_0040_0030_0030.jpg 1 36 40 30 30
3|0015_0024_0036_0099_0099.jpg 1 24 36 99 99
3|0016_0053_0039_0136_0136.jpg 1 53 39 136 136
3|0017_0025_0065_0081_0081.jpg 1 25 65 81 81
3|0018_0052_0024_0137_0137.jpg 1 52 24 137 137
3|0019_0053_0015_0121_0121.jpg 1 53 15 121 121
3|0020_0044_0043_0136_0136.jpg 1 44 43 136 136
3|0021_0009_0040_0126_0126.jpg 1 9 40 126 126
3|0022_0017_0037_0133_0133.jpg 1 17 37 133 133
3|0023_0007_0047_0138_0138.jpg 1 7 47 138 138
3|0024_0028_0032_0065_0065.jpg 1 28 32 65 65
3|0025_0048_0093_0048_0048.jpg 1 48 93 48 48
3|0026_0112_0020_0073_0073.jpg 1 112 20 73 73
3|0027_0047_0027_0130_0130.jpg 1 47 27 130 130
3|0028_0051_0009_0137_0137.jpg 1 51 9 137 137
3|0029_0013_0025_0119_0119.jpg 1 13 25 119 119
3|0030_0068_0080_0042_0042.jpg 1 68 80 42 42
3|0031_0073_0143_0037_0037.jpg 1 73 143 37 37
3|0032_0057_0070_0045_0045.jpg 1 57 70 45 45
3|0033_0138_0115_0038_0038.jpg 1 138 115 38 38
3|0034_0016_0042_0121_0121.jpg 1 16 42 121 121
3|0035_0053_0021_0075_0075.jpg 1 53 21 75 75
3|0036_0040_0090_0095_0095.jpg 1 40 90 95 95
3|0037_0056_0017_0083_0083.jpg 1 56 17 83 83
3|0038_0085_0080_0097_0097.jpg 1 85 80 97 97
3|0039_0038_0049_0130_0130.jpg 1 38 49 130 130
3|0040_0092_0063_0075_0075.jpg 1 92 63 75 75
3|0041_0047_0012_0082_0082.jpg 1 47 12 82 82
3|0042_0020_0025_0113_0113.jpg 1 20 25 113 113
3|0043_0009_0046_0122_0122.jpg 1 9 46 122 122
3|0044_0023_0062_0108_0108.jpg 1 23 62 108 108
3|0045_0057_0080_0100_0100.jpg 1 57 80 100 100
3|0046_0048_0029_0113_0113.jpg 1 48 29 113 113
3|0047_0011_0046_0125_0125.jpg 1 11 46 125 125
3|0048_0117_0090_0025_0025.jpg 1 117 90 25 25
4|0001_0038_0015_0083_0083.jpg 1 38 15 83 83
4|0002_0028_0104_0083_0083.jpg 1 28 104 83 83
4|0003_0090_0044_0052_0052.jpg 1 90 44 52 52
4|0004_0048_0016_0091_0091.jpg 1 48 16 91 91
4|0005_0061_0014_0061_0061.jpg 1 61 14 61 61
4|0006_0014_0035_0132_0132.jpg 1 14 35 132 132
4|0007_0034_0067_0025_0025.jpg 1 34 67 25 25
4|0008_0058_0037_0133_0133.jpg 1 58 37 133 133
4|0009_0016_0038_0094_0094.jpg 1 16 38 94 94
4|0010_0029_0047_0114_0114.jpg 1 29 47 114 114
4|0011_0077_0095_0064_0064.jpg 1 77 95 64 64
4|0012_0142_0043_0026_0026.jpg 1 142 43 26 26
4|0013_0056_0061_0035_0035.jpg 1 56 61 35 35
4|0014_0036_0040_0030_0030.jpg 1 36 40 30 30
4|0015_0024_0036_0099_0099.jpg 1 24 36 99 99
4|0016_0053_0039_0136_0136.jpg 1 53 39 136 136
4|0017_0025_0065_0081_0081.jpg 1 25 65 81 81
4|0018_0052_0024_0137_0137.jpg 1 52 24 137 137
4|0019_0053_0015_0121_0121.jpg 1 53 15 121 121
4|0020_0044_0043_0136_0136.jpg 1 44 43 136 136
4|0021_0009_0040_0126_0126.jpg 1 9 40 126 126
4|0022_0017_0037_0133_0133.jpg 1 17 37 133 133
4|0023_0007_0047_0138_0138.jpg 1 7 47 138 138
4|0024_0028_0032_0065_0065.jpg 1 28 32 65 65
4|0025_0048_0093_0048_0048.jpg 1 48 93 48 48
4|0026_0112_0020_0073_0073.jpg 1 112 20 73 73
4|0027_0047_0027_0130_0130.jpg 1 47 27 130 130
4|0028_0051_0009_0137_0137.jpg 1 51 9 137 137
4|0029_0013_0025_0119_0119.jpg 1 13 25 119 119
4|0030_0068_0080_0042_0042.jpg 1 68 80 42 42
4|0031_0073_0143_0037_0037.jpg 1 73 143 37 37
4|0032_0057_0070_0045_0045.jpg 1 57 70 45 45
4|0033_0138_0115_0038_0038.jpg 1 138 115 38 38
4|0034_0016_0042_0121_0121.jpg 1 16 42 121 121
4|0035_0053_0021_0075_0075.jpg 1 53 21 75 75
4|0036_0040_0090_0095_0095.jpg 1 40 90 95 95
4|0037_0056_0017_0083_0083.jpg 1 56 17 83 83
4|0038_0085_0080_0097_0097.jpg 1 85 80 97 97
4|0039_0038_0049_0130_0130.jpg 1 38 49 130 130
4|0040_0092_0063_0075_0075.jpg 1 92 63 75 75
4|0041_0047_0012_0082_0082.jpg 1 47 12 82 82
4|0042_0020_0025_0113_0113.jpg 1 20 25 113 113
4|0043_0009_0046_0122_0122.jpg 1 9 46 122 122
4|0044_0023_0062_0108_0108.jpg 1 23 62 108 108
4|0045_0057_0080_0100_0100.jpg 1 57 80 100 100
4|0046_0048_0029_0113_0113.jpg 1 48 29 113 113
4|0047_0011_0046_0125_0125.jpg 1 11 46 125 125
4|0048_0117_0090_0025_0025.jpg 1 117 90 25 25
5|0001_0011_0026_0131_0131.jpg 1 11 26 131 131
5|0002_0070_0050_0089_0089.jpg 1 70 50 89 89
5|0003_0116_0067_0049_0049.jpg 1 116 67 49 49
5|0004_0076_0047_0104_0104.jpg 1 76 47 104 104
5|0005_0078_0091_0088_0088.jpg 1 78 91 88 88
5|0006_0039_0007_0137_0137.jpg 1 39 7 137 137
5|0007_0078_0083_0093_0093.jpg 1 78 83 93 93
5|0008_0029_0016_0093_0093.jpg 1 29 16 93 93
5|0009_0061_0090_0035_0035.jpg 1 61 90 35 35
5|0010_0042_0080_0081_0081.jpg 1 42 80 81 81
5|0011_0064_0017_0096_0096.jpg 1 64 17 96 96
5|0012_0122_0029_0053_0053.jpg 1 122 29 53 53
5|0013_0070_0048_0060_0060.jpg 1 70 48 60 60
5|0014_0134_0111_0035_0035.jpg 1 134 111 35 35
5|0015_0084_0081_0076_0076.jpg 1 84 81 76 76
5|0016_0080_0106_0056_0056.jpg 1 80 106 56 56
5|0017_0055_0054_0106_0106.jpg 1 55 54 106 106
5|0018_0155_0090_0026_0026.jpg 1 155 90 26 26
5|0019_0125_0105_0054_0054.jpg 1 125 105 54 54
5|0020_0045_0033_0101_0101.jpg 1 45 33 101 101
5|0021_0045_0058_0127_0127.jpg 1 45 58 127 127
5|0022_0022_0020_0139_0139.jpg 1 22 20 139 139
5|0023_0019_0015_0047_0047.jpg 1 19 15 47 47
5|0024_0054_0019_0093_0093.jpg 1 54 19 93 93
5|0025_0029_0024_0136_0136.jpg 1 29 24 136 136
5|0026_0072_0066_0035_0035.jpg 1 72 66 35 35
5|0027_0091_0042_0030_0030.jpg 1 91 42 30 30
5|0028_0014_0028_0061_0061.jpg 1 14 28 61 61
5|0029_0039_0043_0117_0117.jpg 1 39 43 117 117
5|0030_0080_0102_0042_0042.jpg 1 80 102 42 42
5|0031_0054_0135_0032_0032.jpg 1 54 135 32 32
5|0032_0120_0082_0047_0047.jpg 1 120 82 47 47
5|0033_0079_0034_0050_0050.jpg 1 79 34 50 50
5|0034_0032_0085_0052_0052.jpg 1 32 85 52 52
5|0035_0050_0050_0025_0025.jpg 1 50 50 25 25
5|0036_0062_0066_0061_0061.jpg 1 62 66 61 61
5|0037_0096_0057_0031_0031.jpg 1 96 57 31 31
5|0038_0081_0099_0062_0062.jpg 1 81 99 62 62
5|0039_0092_0026_0025_0025.jpg 1 92 26 25 25
5|0040_0100_0076_0044_0044.jpg 1 100 76 44 44
5|0041_0027_0023_0044_0044.jpg 1 27 23 44 44
5|0042_0092_0037_0031_0031.jpg 1 92 37 31 31
5|0043_0009_0055_0123_0123.jpg 1 9 55 123 123
5|0044_0036_0095_0091_0091.jpg 1 36 95 91 91
5|0045_0113_0048_0050_0050.jpg 1 113 48 50 50
5|0046_0043_0059_0123_0123.jpg 1 43 59 123 123
5|0047_0023_0048_0104_0104.jpg 1 23 48 104 104
5|0048_0085_0053_0063_0063.jpg 1 85 53 63 63
6|0001_0011_0026_0131_0131.jpg 1 11 26 131 131
6|0002_0070_0050_0089_0089.jpg 1 70 50 89 89
6|0003_0116_0067_0049_0049.jpg 1 116 67 49 49
6|0004_0076_0047_0104_0104.jpg 1 76 47 104 104
6|0005_0078_0091_0088_0088.jpg 1 78 91 88 88
6|0006_0039_0007_0137_0137.jpg 1 39 7 137 137
6|0007_0078_0083_0093_0093.jpg 1 78 83 93 93
6|0008_0029_0016_0093_0093.jpg 1 29 16 93 93
6|0009_0061_0090_0035_0035.jpg 1 61 90 35 35
6|0010_0042_0080_0081_0081.jpg 1 42 80 81 81
6|0011_0064_0017_0096_0096.jpg 1 64 17 96 96
6|0012_0122_0029_0053_0053.jpg 1 122 29 53 53
6|0013_0070_0048_0060_0060.jpg 1 70 48 60 60
6|0014_0134_0111_0035_0035.jpg 1 134 111 35 35
6|0015_0084_0081_0076_0076.jpg 1 84 81 76 76
6|0016_0080_0106_0056_0056.jpg 1 80 106 56 56
6|0017_0055_0054_0106_0106.jpg 1 55 54 106 106
6|0018_0155_0090_0026_0026.jpg 1 155 90 26 26
6|0019_0125_0105_0054_0054.jpg 1 125 105 54 54
6|0020_0045_0033_0101_0101.jpg 1 45 33 101 101
6|0021_0045_0058_0127_0127.jpg 1 45 58 127 127
6|0022_0022_0020_0139_0139.jpg 1 22 20 139 139
6|0023_0019_0015_0047_0047.jpg 1 19 15 47 47
6|0024_0054_0019_0093_0093.jpg 1 54 19 93 93
6|0025_0029_0024_0136_0136.jpg 1 29 24 136 136
6|0026_0072_0066_0035_0035.jpg 1 72 66 35 35
6|0027_0091_0042_0030_0030.jpg 1 91 42 30 30
6|0028_0014_0028_0061_0061.jpg 1 14 28 61 61
6|0029_0039_0043_0117_0117.jpg 1 39 43 117 117
6|0030_0080_0102_0042_0042.jpg 1 80 102 42 42
6|0031_0054_0135_0032_0032.jpg 1 54 135 32 32
6|0032_0120_0082_0047_0047.jpg 1 120 82 47 47
6|0033_0079_0034_0050_0050.jpg 1 79 34 50 50
6|0034_0032_0085_0052_0052.jpg 1 32 85 52 52
6|0035_0050_0050_0025_0025.jpg 1 50 50 25 25
6|0036_0062_0066_0061_0061.jpg 1 62 66 61 61
6|0037_0096_0057_0031_0031.jpg 1 96 57 31 31
6|0038_0081_0099_0062_0062.jpg 1 81 99 62 62
6|0039_0092_0026_0025_0025.jpg 1 92 26 25 25
6|0040_0100_0076_0044_0044.jpg 1 100 76 44 44
6|0041_0027_0023_0044_0044.jpg 1 27 23 44 44
6|0042_0092_0037_0031_0031.jpg 1 92 37 31 31
6|0043_0009_0055_0123_0123.jpg 1 9 55 123 123
6|0044_0036_0095_0091_0091.jpg 1 36 95 91 91
6|0045_0113_0048_0050_0050.jpg 1 113 48 50 50
6|0046_0043_0059_0123_0123.jpg 1 43 59 123 123
6|0047_0023_0048_0104_0104.jpg 1 23 48 104 104
6|0048_0085_0053_0063_0063.jpg 1 85 53 63 63
7|0001_0011_0026_0131_0131.jpg 1 11 26 131 131
7|0002_0070_0050_0089_0089.jpg 1 70 50 89 89
7|0003_0116_0067_0049_0049.jpg 1 116 67 49 49
7|0004_0076_0047_0104_0104.jpg 1 76 47 104 104
7|0005_0078_0091_0088_0088.jpg 1 78 91 88 88
7|0006_0039_0007_0137_0137.jpg 1 39 7 137 137
7|0007_0078_0083_0093_0093.jpg 1 78 83 93 93
7|0008_0029_0016_0093_0093.jpg 1 29 16 93 93
7|0009_0061_0090_0035_0035.jpg 1 61 90 35 35
7|0010_0042_0080_0081_0081.jpg 1 42 80 81 81
7|0011_0064_0017_0096_0096.jpg 1 64 17 96 96
7|0012_0122_0029_0053_0053.jpg 1 122 29 53 53
7|0013_0070_0048_0060_0060.jpg 1 70 48 60 60
7|0014_0134_0111_0035_0035.jpg 1 134 111 35 35
7|0015_0084_0081_0076_0076.jpg 1 84 81 76 76
7|0016_0080_0106_0056_0056.jpg 1 80 106 56 56
7|0017_0055_0054_0106_0106.jpg 1 55 54 106 106
7|0018_0155_0090_0026_0026.jpg 1 155 90 26 26
7|0019_0125_0105_0054_0054.jpg 1 125 105 54 54
7|0020_0045_0033_0101_0101.jpg 1 45 33 101 101
7|0021_0045_0058_0127_0127.jpg 1 45 58 127 127
7|0022_0022_0020_0139_0139.jpg 1 22 20 139 139
7|0023_0019_0015_0047_0047.jpg 1 19 15 47 47
7|0024_0054_0019_0093_0093.jpg 1 54 19 93 93
7|0025_0029_0024_0136_0136.jpg 1 29 24 136 136
7|0026_0072_0066_0035_0035.jpg 1 72 66 35 35
7|0027_0091_0042_0030_0030.jpg 1 91 42 30 30
7|0028_0014_0028_0061_0061.jpg 1 14 28 61 61
7|0029_0039_0043_0117_0117.jpg 1 39 43 117 117
7|0030_0080_0102_0042_0042.jpg 1 80 102 42 42
7|0031_0054_0135_0032_0032.jpg 1 54 135 32 32
7|0032_0120_0082_0047_0047.jpg 1 120 82 47 47
7|0033_0079_0034_0050_0050.jpg 1 79 34 50 50
7|0034_0032_0085_0052_0052.jpg 1 32 85 52 52
7|0035_0050_0050_0025_0025.jpg 1 50 50 25 25
7|0036_0062_0066_0061_0061.jpg 1 62 66 61 61
7|0037_0096_0057_0031_0031.jpg 1 96 57 31 31
7|0038_0081_0099_0062_0062.jpg 1 81 99 62 62
7|0039_0092_0026_0025_0025.jpg 1 92 26 25 25
7|0040_0100_0076_0044_0044.jpg 1 100 76 44 44
7|0041_0027_0023_0044_0044.jpg 1 27 23 44 44
7|0042_0092_0037_0031_0031.jpg 1 92 37 31 31
7|0043_0009_0055_0123_0123.jpg 1 9 55 123 123
7|0044_0036_0095_0091_0091.jpg 1 36 95 91 91
7|0045_0113_0048_0050_0050.jpg 1 113 48 50 50
7|0046_0043_0059_0123_0123.jpg 1 43 59 123 123
7|0047_0023_0048_0104_0104.jpg 1 23 48 104 104
7|0048_0085_0053_0063_0063.jpg 1 85 53 63 63
8|0001_0064_0050_0121_0121.jpg 1 64 50 121 121
8|0002_0066_0044_0096_0096.jpg 1 66 44 96 96
8|0003_0083_0033_0048_0048.jpg 1 83 33 48 48
8|0004_0060_0036_0122_0122.jpg 1 60 36 122 122
8|0005_0029_0055_0067_0067.jpg 1 29 55 67 67
8|0006_0034_0061_0105_0105.jpg 1 34 61 105 105
8|0007_0127_0047_0029_0029.jpg 1 127 47 29 29
8|0008_0079_0089_0078_0078.jpg 1 79 89 78 78
8|0009_0102_0052_0025_0025.jpg 1 102 52 25 25
8|0010_0146_0066_0028_0028.jpg 1 146 66 28 28
8|0011_0064_0071_0075_0075.jpg 1 64 71 75 75
8|0012_0035_0052_0138_0138.jpg 1 35 52 138 138
8|0013_0061_0072_0043_0043.jpg 1 61 72 43 43
8|0014_0033_0040_0120_0120.jpg 1 33 40 120 120
8|0015_0032_0038_0128_0128.jpg 1 32 38 128 128
8|0016_0088_0081_0042_0042.jpg 1 88 81 42 42
8|0017_0054_0135_0041_0041.jpg 1 54 135 41 41
8|0018_0055_0123_0034_0034.jpg 1 55 123 34 34
8|0019_0017_0023_0062_0062.jpg 1 17 23 62 62
8|0020_0042_0092_0056_0056.jpg 1 42 92 56 56
8|0021_0021_0029_0098_0098.jpg 1 21 29 98 98
8|0022_0072_0032_0096_0096.jpg 1 72 32 96 96
8|0023_0031_0037_0132_0132.jpg 1 31 37 132 132
8|0024_0070_0073_0096_0096.jpg 1 70 73 96 96
8|0025_0053_0023_0097_0097.jpg 1 53 23 97 97
8|0026_0040_0052_0111_0111.jpg 1 40 52 111 111
8|0027_0029_0010_0126_0126.jpg 1 29 10 126 126
8|0028_0049_0019_0049_0049.jpg 1 49 19 49 49
8|0029_0073_0100_0062_0062.jpg 1 73 100 62 62
8|0030_0094_0061_0077_0077.jpg 1 94 61 77 77
8|0031_0013_0024_0124_0124.jpg 1 13 24 124 124
8|0032_0038_0075_0082_0082.jpg 1 38 75 82 82
8|0033_0036_0040_0109_0109.jpg 1 36 40 109 109
8|0034_0015_0075_0047_0047.jpg 1 15 75 47 47
8|0035_0017_0062_0102_0102.jpg 1 17 62 102 102
8|0036_0079_0052_0055_0055.jpg 1 79 52 55 55
8|0037_0013_0070_0121_0121.jpg 1 13 70 121 121
8|0038_0056_0045_0068_0068.jpg 1 56 45 68 68
8|0039_0041_0033_0090_0090.jpg 1 41 33 90 90
8|0040_0127_0125_0058_0058.jpg 1 127 125 58 58
8|0041_0015_0041_0050_0050.jpg 1 15 41 50 50
8|0042_0037_0078_0043_0043.jpg 1 37 78 43 43
8|0043_0035_0019_0060_0060.jpg 1 35 19 60 60
8|0044_0068_0124_0028_0028.jpg 1 68 124 28 28
8|0045_0031_0019_0122_0122.jpg 1 31 19 122 122
8|0046_0018_0110_0056_0056.jpg 1 18 110 56 56
8|0047_0028_0099_0084_0084.jpg 1 28 99 84 84
8|0048_0069_0043_0028_0028.jpg 1 69 43 28 28
9|0001_0064_0050_0121_0121.jpg 1 64 50 121 121
9|0002_0066_0044_0096_0096.jpg 1 66 44 96 96
9|0003_0083_0033_0048_0048.jpg 1 83 33 48 48
9|0004_0060_0036_0122_0122.jpg 1 60 36 122 122
9|0005_0029_0055_0067_0067.jpg 1 29 55 67 67
9|0006_0034_0061_0105_0105.jpg 1 34 61 105 105
9|0007_0127_0047_0029_0029.jpg 1 127 47 29 29
9|0008_0079_0089_0078_0078.jpg 1 79 89 78 78
9|0009_0102_0052_0025_0025.jpg 1 102 52 25 25
9|0010_0146_0066_0028_0028.jpg 1 146 66 28 28
9|0011_0064_0071_0075_0075.jpg 1 64 71 75 75
9|0012_0035_0052_0138_0138.jpg 1 35 52 138 138
9|0013_0061_0072_0043_0043.jpg 1 61 72 43 43
9|0014_0033_0040_0120_0120.jpg 1 33 40 120 120
9|0015_0032_0038_0128_0128.jpg 1 32 38 128 128
9|0016_0088_0081_0042_0042.jpg 1 88 81 42 42
9|0017_0054_0135_0041_0041.jpg 1 54 135 41 41
9|0018_0055_0123_0034_0034.jpg 1 55 123 34 34
9|0019_0017_0023_0062_0062.jpg 1 17 23 62 62
9|0020_0042_0092_0056_0056.jpg 1 42 92 56 56
9|0021_0021_0029_0098_0098.jpg 1 21 29 98 98
9|0022_0072_0032_0096_0096.jpg 1 72 32 96 96
9|0023_0031_0037_0132_0132.jpg 1 31 37 132 132
9|0024_0070_0073_0096_0096.jpg 1 70 73 96 96
9|0025_0053_0023_0097_0097.jpg 1 53 23 97 97
9|0026_0040_0052_0111_0111.jpg 1 40 52 111 111
9|0027_0029_0010_0126_0126.jpg 1 29 10 126 126
9|0028_0049_0019_0049_0049.jpg 1 49 19 49 49
9|0029_0073_0100_0062_0062.jpg 1 73 100 62 62
9|0030_0094_0061_0077_0077.jpg 1 94 61 77 77
9|0031_0013_0024_0124_0124.jpg 1 13 24 124 124
9|0032_0038_0075_0082_0082.jpg 1 38 75 82 82
9|0033_0036_0040_0109_0109.jpg 1 36 40 109 109
9|0034_0015_0075_0047_0047.jpg 1 15 75 47 47
9|0035_0017_0062_0102_0102.jpg 1 17 62 102 102
9|0036_0079_0052_0055_0055.jpg 1 79 52 55 55
9|0037_0013_0070_0121_0121.jpg 1 13 70 121 121
9|0038_0056_0045_0068_0068.jpg 1 56 45 68 68
9|0039_0041_0033_0090_0090.jpg 1 41 33 90 90
9|0040_0127_0125_0058_0058.jpg 1 127 125 58 58
9|0041_0015_0041_0050_0050.jpg 1 15 41 50 50
9|0042_0037_0078_0043_0043.jpg 1 37 78 43 43
9|0043_0035_0019_0060_0060.jpg 1 35 19 60 60
9|0044_0068_0124_0028_0028.jpg 1 68 124 28 28
9|0045_0031_0019_0122_0122.jpg 1 31 19 122 122
9|0046_0018_0110_0056_0056.jpg 1 18 110 56 56
9|0047_0028_0099_0084_0084.jpg 1 28 99 84 84
9|0048_0069_0043_0028_0028.jpg 1 69 43 28 28
10|0001_0064_0050_0121_0121.jpg 1 64 50 121 121
10|0002_0066_0044_0096_0096.jpg 1 66 44 96 96
10|0003_0083_0033_0048_0048.jpg 1 83 33 48 48
10|0004_0060_0036_0122_0122.jpg 1 60 36 122 122
10|0005_0029_0055_0067_0067.jpg 1 29 55 67 67
10|0006_0034_0061_0105_0105.jpg 1 34 61 105 105
10|0007_0127_0047_0029_0029.jpg 1 127 47 29 29
10|0008_0079_0089_0078_0078.jpg 1 79 89 78 78
10|0009_0102_0052_0025_0025.jpg 1 102 52 25 25
10|0010_0146_0066_0028_0028.jpg 1 146 66 28 28
10|0011_0064_0071_0075_0075.jpg 1 64 71 75 75
10|0012_0035_0052_0138_0138.jpg 1 35 52 138 138
10|0013_0061_0072_0043_0043.jpg 1 61 72 43 43
10|0014_0033_0040_0120_0120.jpg 1 33 40 120 120
10|0015_0032_0038_0128_0128.jpg 1 32 38 128 128
10|0016_0088_0081_0042_0042.jpg 1 88 81 42 42
10|0017_0054_0135_0041_0041.jpg 1 54 135 41 41
10|0018_0055_0123_0034_0034.jpg 1 55 123 34 34
10|0019_0017_0023_0062_0062.jpg 1 17 23 62 62
10|0020_0042_0092_0056_0056.jpg 1 42 92 56 56
10|0021_0021_0029_0098_0098.jpg 1 21 29 98 98
10|0022_0072_0032_0096_0096.jpg 1 72 32 96 96
10|0023_0031_0037_0132_0132.jpg 1 31 37 132 132
10|0024_0070_0073_0096_0096.jpg 1 70 73 96 96
10|0025_0053_0023_0097_0097.jpg 1 53 23 97 97
10|0026_0040_0052_0111_0111.jpg 1 40 52 111 111
10|0027_0029_0010_0126_0126.jpg 1 29 10 126 126
10|0028_0049_0019_0049_0049.jpg 1 49 19 49 49
10|0029_0073_0100_0062_0062.jpg 1 73 100 62 62
10|0030_0094_0061_0077_0077.jpg 1 94 61 77 77
10|0031_0013_0024_0124_0124.jpg 1 13 24 124 124
10|0032_0038_0075_0082_0082.jpg 1 38 75 82 82
10|0033_0036_0040_0109_0109.jpg 1 36 40 109 109
10|0034_0015_0075_0047_0047.jpg 1 15 75 47 47
10|0035_0017_0062_0102_0102.jpg 1 17 62 102 102
10|0036_0079_0052_0055_0055.jpg 1 79 52 55 55
10|0037_0013_0070_0121_0121.jpg 1 13 70 121 121
10|0038_0056_0045_0068_0068.jpg 1 56 45 68 68
10|0039_0041_0033_0090_0090.jpg 1 41 33 90 90
10|0040_0127_0125_0058_0058.jpg 1 127 125 58 58
10|0041_0015_0041_0050_0050.jpg 1 15 41 50 50
10|0042_0037_0078_0043_0043.jpg 1 37 78 43 43
10|0043_0035_0019_0060_0060.jpg 1 35 19 60 60
10|0044_0068_0124_0028_0028.jpg 1 68 124 28 28
10|0045_0031_0019_0122_0122.jpg 1 31 19 122 122
10|0046_0018_0110_0056_0056.jpg 1 18 110 56 56
10|0047_0028_0099_0084_0084.jpg 1 28 99 84 84
10|0048_0069_0043_0028_0028.jpg 1 69 43 28 28
11|0001_0058_0079_0111_0111.jpg 1 58 79 111 111
11|0002_0022_0078_0101_0101.jpg 1 22 78 101 101
11|0003_0110_0118_0044_0044.jpg 1 110 118 44 44
11|0004_0021_0052_0134_0134.jpg 1 21 52 134 134
11|0005_0094_0034_0092_0092.jpg 1 94 34 92 92
11|0006_0071_0058_0104_0104.jpg 1 71 58 104 104
11|0007_0048_0027_0086_0086.jpg 1 48 27 86 86
11|0008_0047_0017_0132_0132.jpg 1 47 17 132 132
11|0009_0071_0048_0046_0046.jpg 1 71 48 46 46
11|0010_0022_0068_0055_0055.jpg 1 22 68 55 55
11|0011_0056_0007_0130_0130.jpg 1 56 7 130 130
11|0012_0094_0019_0041_0041.jpg 1 94 19 41 41
11|0013_0009_0053_0115_0115.jpg 1 9 53 115 115
11|0014_0013_0088_0095_0095.jpg 1 13 88 95 95
11|0015_0044_0129_0039_0039.jpg 1 44 129 39 39
11|0016_0028_0051_0133_0133.jpg 1 28 51 133 133
11|0017_0048_0016_0111_0111.jpg 1 48 16 111 111
11|0018_0136_0018_0047_0047.jpg 1 136 18 47 47
11|0019_0061_0028_0120_0120.jpg 1 61 28 120 120
11|0020_0078_0064_0087_0087.jpg 1 78 64 87 87
11|0021_0116_0098_0066_0066.jpg 1 116 98 66 66
11|0022_0083_0079_0102_0102.jpg 1 83 79 102 102
11|0023_0090_0100_0076_0076.jpg 1 90 100 76 76
11|0024_0065_0083_0091_0091.jpg 1 65 83 91 91
11|0025_0046_0074_0102_0102.jpg 1 46 74 102 102
11|0026_0025_0060_0045_0045.jpg 1 25 60 45 45
11|0027_0121_0084_0042_0042.jpg 1 121 84 42 42
11|0028_0063_0032_0101_0101.jpg 1 63 32 101 101
11|0029_0036_0021_0058_0058.jpg 1 36 21 58 58
11|0030_0096_0017_0074_0074.jpg 1 96 17 74 74
11|0031_0090_0076_0091_0091.jpg 1 90 76 91 91
11|0032_0041_0028_0126_0126.jpg 1 41 28 126 126
11|0033_0056_0030_0095_0095.jpg 1 56 30 95 95
11|0034_0049_0027_0095_0095.jpg 1 49 27 95 95
11|0035_0111_0033_0057_0057.jpg 1 111 33 57 57
11|0036_0023_0048_0127_0127.jpg 1 23 48 127 127
11|0037_0024_0050_0119_0119.jpg 1 24 50 119 119
11|0038_0107_0096_0048_0048.jpg 1 107 96 48 48
11|0039_0059_0121_0041_0041.jpg 1 59 121 41 41
11|0040_0142_0126_0030_0030.jpg 1 142 126 30 30
11|0041_0060_0013_0077_0077.jpg 1 60 13 77 77
11|0042_0045_0101_0028_0028.jpg 1 45 101 28 28
11|0043_0056_0025_0137_0137.jpg 1 56 25 137 137
11|0044_0102_0049_0046_0046.jpg 1 102 49 46 46
11|0045_0043_0027_0114_0114.jpg 1 43 27 114 114
11|0046_0019_0120_0038_0038.jpg 1 19 120 38 38
11|0047_0018_0045_0093_0093.jpg 1 18 45 93 93
11|0048_0047_0038_0119_0119.jpg 1 47 38 119 119
12|0001_0058_0079_0111_0111.jpg 1 58 79 111 111
12|0002_0022_0078_0101_0101.jpg 1 22 78 101 101
12|0003_0110_0118_0044_0044.jpg 1 110 118 44 44
12|0004_0021_0052_0134_0134.jpg 1 21 52 134 134
12|0005_0094_0034_0092_0092.jpg 1 94 34 92 92
12|0006_0071_0058_0104_0104.jpg 1 71 58 104 104
12|0007_0048_0027_0086_0086.jpg 1 48 27 86 86
12|0008_0047_0017_0132_0132.jpg 1 47 17 132 132
12|0009_0071_0048_0046_0046.jpg 1 71 48 46 46
12|0010_0022_0068_0055_0055.jpg 1 22 68 55 55
12|0011_0056_0007_0130_0130.jpg 1 56 7 130 130
12|0012_0094_0019_0041_0041.jpg 1 94 19 41 41
12|0013_0009_0053_0115_0115.jpg 1 9 53 115 115
12|0014_0013_0088_0095_0095.jpg 1 13 88 95 95
12|0015_0044_0129_0039_0039.jpg 1 44 129 39 39
12|0016_0028_0051_0133_0133.jpg 1 28 51 133 133
12|0017_0048_0016_0111_0111.jpg 1 48 16 111 111
12|0018_0136_0018_0047_0047.jpg 1 136 18 47 47
12|0019_0061_0028_0120_0120.jpg 1 61 28 120 120
12|0020_0078_0064_0087_0087.jpg 1 78 64 87 87
12|0021_0116_0098_0066_0066.jpg 1 116 98 66 66
12|0022_0083_0079_0102_0102.jpg 1 83 79 102 102
12|0023_0090_0100_0076_0076.jpg 1 90 100 76 76
12|0024_0065_0083_0091_0091.jpg 1 65 83 91 91
12|0025_0046_0074_0102_0102.jpg 1 46 74 102 102
12|0026_0025_0060_0045_0045.jpg 1 25 60 45 45
12|0027_0121_0084_0042_0042.jpg 1 121 84 42 42
12|0028_0063_0032_0101_0101.jpg 1 63 32 101 101
12|0029_0036_0021_0058_0058.jpg 1 36 21 58 58
12|0030_0096_0017_0074_0074.jpg 1 96 17 74 74
12|0031_0090_0076_0091_0091.jpg 1 90 76 91 91
12|0032_0041_0028_0126_0126.jpg 1 41 28 126 126
12|0033_0056_0030_0095_0095.jpg 1 56 30 95 95
12|0034_0049_0027_0095_0095.jpg 1 49 27 95 95
12|0035_0111_0033_0057_0057.jpg 1 111 33 57 57
12|0036_0023_0048_0127_0127.jpg 1 23 48 127 127
12|0037_0024_0050_0119_0119.jpg 1 24 50 119 119
12|0038_0107_0096_0048_0048.jpg 1 107 96 48 48
12|0039_0059_0121_0041_0041.jpg 1 59 121 41 41
12|0040_0142_0126_0030_0030.jpg 1 142 126 30 30
12|0041_0060_0013_0077_0077.jpg 1 60 13 77 77
12|0042_0045_0101_0028_0028.jpg 1 45 101 28 28
12|0043_0056_0025_0137_0137.jpg 1 56 25 137 137
12|0044_0102_0049_0046_0046.jpg 1 102 49 46 46
12|0045_0043_0027_0114_0114.jpg 1 43 27 114 114
12|0046_0019_0120_0038_0038.jpg 1 19 120 38 38
12|0047_0018_0045_0093_0093.jpg 1 18 45 93 93
12|0048_0047_0038_0119_0119.jpg 1 47 38 119 119
13|0001_0049_0034_0101_0101.jpg 1 49 34 101 101
13|0002_0032_0053_0049_0049.jpg 1 32 53 49 49
13|0003_0075_0080_0041_0041.jpg 1 75 80 41 41
13|0004_0113_0124_0032_0032.jpg 1 113 124 32 32
13|0005_0047_0032_0062_0062.jpg 1 47 32 62 62
13|0006_0115_0088_0051_0051.jpg 1 115 88 51 51
13|0007_0097_0107_0036_0036.jpg 1 97 107 36 36
13|0008_0091_0123_0029_0029.jpg 1 91 123 29 29
13|0009_0111_0104_0040_0040.jpg 1 111 104 40 40
13|0010_0090_0086_0026_0026.jpg 1 90 86 26 26
13|0011_0077_0095_0084_0084.jpg 1 77 95 84 84
13|0012_0086_0071_0075_0075.jpg 1 86 71 75 75
13|0013_0019_0051_0077_0077.jpg 1 19 51 77 77
13|0014_0045_0037_0056_0056.jpg 1 45 37 56 56
13|0015_0031_0079_0027_0027.jpg 1 31 79 27 27
13|0016_0070_0071_0098_0098.jpg 1 70 71 98 98
13|0017_0124_0062_0059_0059.jpg 1 124 62 59 59
13|0018_0051_0038_0047_0047.jpg 1 51 38 47 47
13|0019_0015_0127_0053_0053.jpg 1 15 127 53 53
13|0020_0134_0114_0031_0031.jpg 1 134 114 31 31
13|0021_0092_0017_0076_0076.jpg 1 92 17 76 76
13|0022_0048_0047_0138_0138.jpg 1 48 47 138 138
13|0023_0022_0051_0112_0112.jpg 1 22 51 112 112
13|0024_0016_0098_0077_0077.jpg 1 16 98 77 77
13|0025_0110_0042_0032_0032.jpg 1 110 42 32 32
13|0026_0109_0130_0033_0033.jpg 1 109 130 33 33
13|0027_0092_0081_0074_0074.jpg 1 92 81 74 74
13|0028_0034_0054_0067_0067.jpg 1 34 54 67 67
13|0029_0011_0014_0127_0127.jpg 1 11 14 127 127
13|0030_0020_0096_0068_0068.jpg 1 20 96 68 68
13|0031_0046_0034_0056_0056.jpg 1 46 34 56 56
13|0032_0017_0060_0081_0081.jpg 1 17 60 81 81
13|0033_0028_0056_0058_0058.jpg 1 28 56 58 58
13|0034_0069_0079_0108_0108.jpg 1 69 79 108 108
13|0035_0077_0009_0111_0111.jpg 1 77 9 111 111
13|0036_0026_0079_0091_0091.jpg 1 26 79 91 91
13|0037_0090_0094_0094_0094.jpg 1 90 94 94 94
13|0038_0087_0071_0068_0068.jpg 1 87 71 68 68
13|0039_0053_0058_0075_0075.jpg 1 53 58 75 75
13|0040_0112_0079_0042_0042.jpg 1 112 79 42 42
13|0041_0055_0030_0024_0024.jpg 1 55 30 24 24
13|0042_0067_0111_0068_0068.jpg 1 67 111 68 68
13|0043_0111_0113_0054_0054.jpg 1 111 113 54 54
13|0044_0015_0024_0095_0095.jpg 1 15 24 95 95
13|0045_0031_0067_0056_0056.jpg 1 31 67 56 56
13|0046_0056_0104_0051_0051.jpg 1 56 104 51 51
13|0047_0071_0038_0096_0096.jpg 1 71 38 96 96
13|0048_0104_0033_0062_0062.jpg 1 104 33 62 62
14|0001_0049_0034_0101_0101.jpg 1 49 34 101 101
14|0002_0032_0053_0049_0049.jpg 1 32 53 49 49
14|0003_0075_0080_0041_0041.jpg 1 75 80 41 41
14|0004_0113_0124_0032_0032.jpg 1 113 124 32 32
14|0005_0047_0032_0062_0062.jpg 1 47 32 62 62
14|0006_0115_0088_0051_0051.jpg 1 115 88 51 51
14|0007_0097_0107_0036_0036.jpg 1 97 107 36 36
14|0008_0091_0123_0029_0029.jpg 1 91 123 29 29
14|0009_0111_0104_0040_0040.jpg 1 111 104 40 40
14|0010_0090_0086_0026_0026.jpg 1 90 86 26 26
14|0011_0077_0095_0084_0084.jpg 1 77 95 84 84
14|0012_0086_0071_0075_0075.jpg 1 86 71 75 75
14|0013_0019_0051_0077_0077.jpg 1 19 51 77 77
14|0014_0045_0037_0056_0056.jpg 1 45 37 56 56
14|0015_0031_0079_0027_0027.jpg 1 31 79 27 27
14|0016_0070_0071_0098_0098.jpg 1 70 71 98 98
14|0017_0124_0062_0059_0059.jpg 1 124 62 59 59
14|0018_0051_0038_0047_0047.jpg 1 51 38 47 47
14|0019_0015_0127_0053_0053.jpg 1 15 127 53 53
14|0020_0134_0114_0031_0031.jpg 1 134 114 31 31
14|0021_0092_0017_0076_0076.jpg 1 92 17 76 76
14|0022_0048_0047_0138_0138.jpg 1 48 47 138 138
14|0023_0022_0051_0112_0112.jpg 1 22 51 112 112
14|0024_0016_0098_0077_0077.jpg 1 16 98 77 77
14|0025_0110_0042_0032_0032.jpg 1 110 42 32 32
14|0026_0109_0130_0033_0033.jpg 1 109 130 33 33
14|0027_0092_0081_0074_0074.jpg 1 92 81 74 74
14|0028_0034_0054_0067_0067.jpg 1 34 54 67 67
14|0029_0011_0014_0127_0127.jpg 1 11 14 127 127
14|0030_0020_0096_0068_0068.jpg 1 20 96 68 68
14|0031_0046_0034_0056_0056.jpg 1 46 34 56 56
14|0032_0017_0060_0081_0081.jpg 1 17 60 81 81
14|0033_0028_0056_0058_0058.jpg 1 28 56 58 58
14|0034_0069_0079_0108_0108.jpg 1 69 79 108 108
14|0035_0077_0009_0111_0111.jpg 1 77 9 111 111
14|0036_0026_0079_0091_0091.jpg 1 26 79 91 91
14|0037_0090_0094_0094_0094.jpg 1 90 94 94 94
14|0038_0087_0071_0068_0068.jpg 1 87 71 68 68
14|0039_0053_0058_0075_0075.jpg 1 53 58 75 75
14|0040_0112_0079_0042_0042.jpg 1 112 79 42 42
14|0041_0055_0030_0024_0024.jpg 1 55 30 24 24
14|0042_0067_0111_0068_0068.jpg 1 67 111 68 68
14|0043_0111_0113_0054_0054.jpg 1 111 113 54 54
14|0044_0015_0024_0095_0095.jpg 1 15 24 95 95
14|0045_0031_0067_0056_0056.jpg 1 31 67 56 56
14|0046_0056_0104_0051_0051.jpg 1 56 104 51 51
14|0047_0071_0038_0096_0096.jpg 1 71 38 96 96
14|0048_0104_0033_0062_0062.jpg 1 104 33 62 62
15|0001_0049_0034_0101_0101.jpg 1 49 34 101 101
15|0002_0032_0053_0049_0049.jpg 1 32 53 49 49
15|0003_0075_0080_0041_0041.jpg 1 75 80 41 41
15|0004_0113_0124_0032_0032.jpg 1 113 124 32 32
15|0005_0047_0032_0062_0062.jpg 1 47 32 62 62
15|0006_0115_0088_0051_0051.jpg 1 115 88 51 51
15|0007_0097_0107_0036_0036.jpg 1 97 107 36 36
15|0008_0091_0123_0029_0029.jpg 1 91 123 29 29
15|0009_0111_0104_0040_0040.jpg 1 111 104 40 40
15|0010_0090_0086_0026_0026.jpg 1 90 86 26 26
15|0011_0077_0095_0084_0084.jpg 1 77 95 84 84
15|0012_0086_0071_0075_0075.jpg 1 86 71 75 75
15|0013_0019_0051_0077_0077.jpg 1 19 51 77 77
15|0014_0045_0037_0056_0056.jpg 1 45 37 56 56
15|0015_0031_0079_0027_0027.jpg 1 31 79 27 27
15|0016_0070_0071_0098_0098.jpg 1 70 71 98 98
15|0017_0124_0062_0059_0059.jpg 1 124 62 59 59
15|0018_0051_0038_0047_0047.jpg 1 51 38 47 47
15|0019_0015_0127_0053_0053.jpg 1 15 127 53 53
15|0020_0134_0114_0031_0031.jpg 1 134 114 31 31
15|0021_0092_0017_0076_0076.jpg 1 92 17 76 76
15|0022_0048_0047_0138_0138.jpg 1 48 47 138 138
15|0023_0022_0051_0112_0112.jpg 1 22 51 112 112
15|0024_0016_0098_0077_0077.jpg 1 16 98 77 77
15|0025_0110_0042_0032_0032.jpg 1 110 42 32 32
15|0026_0109_0130_0033_0033.jpg 1 109 130 33 33
15|0027_0092_0081_0074_0074.jpg 1 92 81 74 74
15|0028_0034_0054_0067_0067.jpg 1 34 54 67 67
15|0029_0011_0014_0127_0127.jpg 1 11 14 127 127
15|0030_0020_0096_0068_0068.jpg 1 20 96 68 68
15|0031_0046_0034_0056_0056.jpg 1 46 34 56 56
15|0032_0017_0060_0081_0081.jpg 1 17 60 81 81
15|0033_0028_0056_0058_0058.jpg 1 28 56 58 58
15|0034_0069_0079_0108_0108.jpg 1 69 79 108 108
15|0035_0077_0009_0111_0111.jpg 1 77 9 111 111
15|0036_0026_0079_0091_0091.jpg 1 26 79 91 91
15|0037_0090_0094_0094_0094.jpg 1 90 94 94 94
15|0038_0087_0071_0068_0068.jpg 1 87 71 68 68
15|0039_0053_0058_0075_0075.jpg 1 53 58 75 75
15|0040_0112_0079_0042_0042.jpg 1 112 79 42 42
15|0041_0055_0030_0024_0024.jpg 1 55 30 24 24
15|0042_0067_0111_0068_0068.jpg 1 67 111 68 68
15|0043_0111_0113_0054_0054.jpg 1 111 113 54 54
15|0044_0015_0024_0095_0095.jpg 1 15 24 95 95
15|0045_0031_0067_0056_0056.jpg 1 31 67 56 56
15|0046_0056_0104_0051_0051.jpg 1 56 104 51 51
15|0047_0071_0038_0096_0096.jpg 1 71 38 96 96
15|0048_0104_0033_0062_0062.jpg 1 104 33 62 62
16|0001_0080_0065_0091_0091.jpg 1 80 65 91 91
16|0002_0017_0028_0113_0113.jpg 1 17 28 113 113
16|0003_0038_0042_0039_0039.jpg 1 38 42 39 39
16|0004_0060_0065_0105_0105.jpg 1 60 65 105 105
16|0005_0103_0028_0035_0035.jpg 1 103 28 35 35
16|0006_0058_0029_0065_0065.jpg 1 58 29 65 65
16|0007_0117_0102_0061_0061.jpg 1 117 102 61 61
16|0008_0021_0013_0074_0074.jpg 1 21 13 74 74
16|0009_0032_0144_0030_0030.jpg 1 32 144 30 30
16|0010_0072_0036_0090_0090.jpg 1 72 36 90 90
16|0011_0028_0015_0139_0139.jpg 1 28 15 139 139
16|0012_0108_0084_0058_0058.jpg 1 108 84 58 58
16|0013_0026_0090_0028_0028.jpg 1 26 90 28 28
16|0014_0069_0071_0118_0118.jpg 1 69 71 118 118
16|0015_0067_0009_0116_0116.jpg 1 67 9 116 116
16|0016_0070_0026_0071_0071.jpg 1 70 26 71 71
16|0017_0037_0036_0123_0123.jpg 1 37 36 123 123
16|0018_0085_0086_0076_0076.jpg 1 85 86 76 76
16|0019_0013_0062_0102_0102.jpg 1 13 62 102 102
16|0020_0056_0076_0112_0112.jpg 1 56 76 112 112
16|0021_0010_0042_0121_0121.jpg 1 10 42 121 121
16|0022_0022_0031_0059_0059.jpg 1 22 31 59 59
16|0023_0041_0044_0117_0117.jpg 1 41 44 117 117
16|0024_0063_0078_0059_0059.jpg 1 63 78 59 59
16|0025_0017_0056_0108_0108.jpg 1 17 56 108 108
16|0026_0022_0042_0066_0066.jpg 1 22 42 66 66
16|0027_0007_0031_0136_0136.jpg 1 7 31 136 136
16|0028_0019_0013_0069_0069.jpg 1 19 13 69 69
16|0029_0009_0043_0119_0119.jpg 1 9 43 119 119
16|0030_0123_0097_0045_0045.jpg 1 123 97 45 45
16|0031_0027_0050_0107_0107.jpg 1 27 50 107 107
16|0032_0085_0093_0031_0031.jpg 1 85 93 31 31
16|0033_0057_0056_0103_0103.jpg 1 57 56 103 103
16|0034_0043_0037_0138_0138.jpg 1 43 37 138 138
16|0035_0082_0045_0030_0030.jpg 1 82 45 30 30
16|0036_0054_0126_0034_0034.jpg 1 54 126 34 34
16|0037_0030_0099_0083_0083.jpg 1 30 99 83 83
16|0038_0094_0065_0028_0028.jpg 1 94 65 28 28
16|0039_0025_0034_0094_0094.jpg 1 25 34 94 94
16|0040_0068_0027_0090_0090.jpg 1 68 27 90 90
16|0041_0067_0017_0060_0060.jpg 1 67 17 60 60
16|0042_0115_0094_0041_0041.jpg 1 115 94 41 41
16|0043_0060_0013_0132_0132.jpg 1 60 13 132 132
16|0044_0061_0048_0084_0084.jpg 1 61 48 84 84
16|0045_0063_0083_0075_0075.jpg 1 63 83 75 75
16|0046_0040_0090_0064_0064.jpg 1 40 90 64 64
16|0047_0094_0088_0093_0093.jpg 1 94 88 93 93
16|0048_0041_0035_0136_0136.jpg 1 41 35 136 136
17|0001_0080_0065_0091_0091.jpg 1 80 65 91 91
17|0002_0017_0028_0113_0113.jpg 1 17 28 113 113
17|0003_0038_0042_0039_0039.jpg 1 38 42 39 39
17|0004_0060_0065_0105_0105.jpg 1 60 65 105 105
17|0005_0103_0028_0035_0035.jpg 1 103 28 35 35
17|0006_0058_0029_0065_0065.jpg 1 58 29 65 65
17|0007_0117_0102_0061_0061.jpg 1 117 102 61 61
17|0008_0021_0013_0074_0074.jpg 1 21 13 74 74
17|0009_0032_0144_0030_0030.jpg 1 32 144 30 30
17|0010_0072_0036_0090_0090.jpg 1 72 36 90 90
17|0011_0028_0015_0139_0139.jpg 1 28 15 139 139
17|0012_0108_0084_0058_0058.jpg 1 108 84 58 58
17|0013_0026_0090_0028_0028.jpg 1 26 90 28 28
17|0014_0069_0071_0118_0118.jpg 1 69 71 118 118
17|0015_0067_0009_0116_0116.jpg 1 67 9 116 116
17|0016_0070_0026_0071_0071.jpg 1 70 26 71 71
17|0017_0037_0036_0123_0123.jpg 1 37 36 123 123
17|0018_0085_0086_0076_0076.jpg 1 85 86 76 76
17|0019_0013_0062_0102_0102.jpg 1 13 62 102 102
17|0020_0056_0076_0112_0112.jpg 1 56 76 112 112
17|0021_0010_0042_0121_0121.jpg 1 10 42 121 121
17|0022_0022_0031_0059_0059.jpg 1 22 31 59 59
17|0023_0041_0044_0117_0117.jpg 1 41 44 117 117
17|0024_0063_0078_0059_0059.jpg 1 63 78 59 59
17|0025_0017_0056_0108_0108.jpg 1 17 56 108 108
17|0026_0022_0042_0066_0066.jpg 1 22 42 66 66
17|0027_0007_0031_0136_0136.jpg 1 7 31 136 136
17|0028_0019_0013_0069_0069.jpg 1 19 13 69 69
17|0029_0009_0043_0119_0119.jpg 1 9 43 119 119
17|0030_0123_0097_0045_0045.jpg 1 123 97 45 45
17|0031_0027_0050_0107_0107.jpg 1 27 50 107 107
17|0032_0085_0093_0031_0031.jpg 1 85 93 31 31
17|0033_0057_0056_0103_0103.jpg 1 57 56 103 103
17|0034_0043_0037_0138_0138.jpg 1 43 37 138 138
17|0035_0082_0045_0030_0030.jpg 1 82 45 30 30
17|0036_0054_0126_0034_0034.jpg 1 54 126 34 34
17|0037_0030_0099_0083_0083.jpg 1 30 99 83 83
17|0038_0094_0065_0028_0028.jpg 1 94 65 28 28
17|0039_0025_0034_0094_0094.jpg 1 25 34 94 94
17|0040_0068_0027_0090_0090.jpg 1 68 27 90 90
17|0041_0067_0017_0060_0060.jpg 1 67 17 60 60
17|0042_0115_0094_0041_0041.jpg 1 115 94 41 41
17|0043_0060_0013_0132_0132.jpg 1 60 13 132 132
17|0044_0061_0048_0084_0084.jpg 1 61 48 84 84
17|0045_0063_0083_0075_0075.jpg 1 63 83 75 75
17|0046_0040_0090_0064_0064.jpg 1 40 90 64 64
17|0047_0094_0088_0093_0093.jpg 1 94 88 93 93
17|0048_0041_0035_0136_0136.jpg 1 41 35 136 136
18|0001_0080_0065_0091_0091.jpg 1 80 65 91 91
18|0002_0017_0028_0113_0113.jpg 1 17 28 113 113
18|0003_0038_0042_0039_0039.jpg 1 38 42 39 39
18|0004_0060_0065_0105_0105.jpg 1 60 65 105 105
18|0005_0103_0028_0035_0035.jpg 1 103 28 35 35
18|0006_0058_0029_0065_0065.jpg 1 58 29 65 65
18|0007_0117_0102_0061_0061.jpg 1 117 102 61 61
18|0008_0021_0013_0074_0074.jpg 1 21 13 74 74
18|0009_0032_0144_0030_0030.jpg 1 32 144 30 30
18|0010_0072_0036_0090_0090.jpg 1 72 36 90 90
18|0011_0028_0015_0139_0139.jpg 1 28 15 139 139
18|0012_0108_0084_0058_0058.jpg 1 108 84 58 58
18|0013_0026_0090_0028_0028.jpg 1 26 90 28 28
18|0014_0069_0071_0118_0118.jpg 1 69 71 118 118
18|0015_0067_0009_0116_0116.jpg 1 67 9 116 116
18|0016_0070_0026_0071_0071.jpg 1 70 26 71 71
18|0017_0037_0036_0123_0123.jpg 1 37 36 123 123
18|0018_0085_0086_0076_0076.jpg 1 85 86 76 76
18|0019_0013_0062_0102_0102.jpg 1 13 62 102 102
18|0020_0056_0076_0112_0112.jpg 1 56 76 112 112
18|0021_0010_0042_0121_0121.jpg 1 10 42 121 121
18|0022_0022_0031_0059_0059.jpg 1 22 31 59 59
18|0023_0041_0044_0117_0117.jpg 1 41 44 117 117
18|0024_0063_0078_0059_0059.jpg 1 63 78 59 59
18|0025_0017_0056_0108_0108.jpg 1 17 56 108 108
18|0026_0022_0042_0066_0066.jpg 1 22 42 66 66
18|0027_0007_0031_0136_0136.jpg 1 7 31 136 136
18|0028_0019_0013_0069_0069.jpg 1 19 13 69 69
18|0029_0009_0043_0119_0119.jpg 1 9 43 119 119
18|0030_0123_0097_0045_0045.jpg 1 123 97 45 45
18|0031_0027_0050_0107_0107.jpg 1 27 50 107 107
18|0032_0085_0093_0031_0031.jpg 1 85 93 31 31
18|0033_0057_0056_0103_0103.jpg 1 57 56 103 103
18|0034_0043_0037_0138_0138.jpg 1 43 37 138 138
18|0035_0082_0045_0030_0030.jpg 1 82 45 30 30
18|0036_0054_0126_0034_0034.jpg 1 54 126 34 34
18|0037_0030_0099_0083_0083.jpg 1 30 99 83 83
18|0038_0094_0065_0028_0028.jpg 1 94 65 28 28
18|0039_0025_0034_0094_0094.jpg 1 25 34 94 94
18|0040_0068_0027_0090_0090.jpg 1 68 27 90 90
18|0041_0067_0017_0060_0060.jpg 1 67 17 60 60
18|0042_0115_0094_0041_0041.jpg 1 115 94 41 41
18|0043_0060_0013_0132_0132.jpg 1 60 13 132 132
18|0044_0061_0048_0084_0084.jpg 1 61 48 84 84
18|0045_0063_0083_0075_0075.jpg 1 63 83 75 75
18|0046_0040_0090_0064_0064.jpg 1 40 90 64 64
18|0047_0094_0088_0093_0093.jpg 1 94 88 93 93
18|0048_0041_0035_0136_0136.jpg 1 41 35 136 136
19|0001_0021_0103_0080_0080.jpg 1 21 103 80 80
19|0002_0028_0041_0060_0060.jpg 1 28 41 60 60
19|0003_0043_0087_0094_0094.jpg 1 43 87 94 94
19|0004_0015_0020_0121_0121.jpg 1 15 20 121 121
19|0005_0014_0018_0069_0069.jpg 1 14 18 69 69
19|0006_0156_0049_0026_0026.jpg 1 156 49 26 26
19|0007_0071_0087_0100_0100.jpg 1 71 87 100 100
19|0008_0075_0082_0090_0090.jpg 1 75 82 90 90
19|0009_0045_0041_0073_0073.jpg 1 45 41 73 73
19|0010_0057_0028_0120_0120.jpg 1 57 28 120 120
19|0011_0029_0032_0079_0079.jpg 1 29 32 79 79
19|0012_0042_0102_0085_0085.jpg 1 42 102 85 85
19|0013_0063_0022_0061_0061.jpg 1 63 22 61 61
19|0014_0020_0076_0114_0114.jpg 1 20 76 114 114
19|0015_0098_0138_0028_0028.jpg 1 98 138 28 28
19|0016_0071_0041_0095_0095.jpg 1 71 41 95 95
19|0017_0142_0076_0041_0041.jpg 1 142 76 41 41
19|0018_0050_0080_0097_0097.jpg 1 50 80 97 97
19|0019_0023_0049_0078_0078.jpg 1 23 49 78 78
19|0020_0094_0011_0090_0090.jpg 1 94 11 90 90
19|0021_0020_0032_0108_0108.jpg 1 20 32 108 108
19|0022_0050_0034_0135_0135.jpg 1 50 34 135 135
19|0023_0051_0044_0137_0137.jpg 1 51 44 137 137
19|0024_0101_0077_0030_0030.jpg 1 101 77 30 30
19|0025_0054_0047_0100_0100.jpg 1 54 47 100 100
19|0026_0128_0040_0040_0040.jpg 1 128 40 40 40
19|0027_0083_0029_0094_0094.jpg 1 83 29 94 94
19|0028_0029_0075_0050_0050.jpg 1 29 75 50 50
19|0029_0044_0042_0129_0129.jpg 1 44 42 129 129
19|0030_0033_0035_0127_0127.jpg 1 33 35 127 127
19|0031_0121_0146_0027_0027.jpg 1 121 146 27 27
19|0032_0021_0132_0052_0052.jpg 1 21 132 52 52
19|0033_0047_0021_0072_0072.jpg 1 47 21 72 72
19|0034_0013_0012_0138_0138.jpg 1 13 12 138 138
19|0035_0030_0044_0128_0128.jpg 1 30 44 128 128
19|0036_0026_0017_0099_0099.jpg 1 26 17 99 99
19|0037_0056_0118_0067_0067.jpg 1 56 118 67 67
19|0038_0009_0056_0109_0109.jpg 1 9 56 109 109
19|0039_0068_0069_0100_0100.jpg 1 68 69 100 100
19|0040_0026_0128_0032_0032.jpg 1 26 128 32 32
19|0041_0044_0013_0139_0139.jpg 1 44 13 139 139
19|0042_0049_0111_0038_0038.jpg 1 49 111 38 38
19|0043_0109_0040_0050_0050.jpg 1 109 40 50 50
19|0044_0081_0042_0090_0090.jpg 1 81 42 90 90
19|0045_0099_0124_0026_0026.jpg 1 99 124 26 26
19|0046_0105_0025_0067_0067.jpg 1 105 25 67 67
19|0047_0128_0102_0053_0053.jpg 1 128 102 53 53
19|0048_0063_0018_0059_0059.jpg 1 63 18 59 59
20|0001_0021_0103_0080_0080.jpg 1 21 103 80 80
20|0002_0028_0041_0060_0060.jpg 1 28 41 60 60
20|0003_0043_0087_0094_0094.jpg 1 43 87 94 94
20|0004_0015_0020_0121_0121.jpg 1 15 20 121 121
20|0005_0014_0018_0069_0069.jpg 1 14 18 69 69
20|0006_0156_0049_0026_0026.jpg 1 156 49 26 26
20|0007_0071_0087_0100_0100.jpg 1 71 87 100 100
20|0008_0075_0082_0090_0090.jpg 1 75 82 90 90
20|0009_0045_0041_0073_0073.jpg 1 45 41 73 73
20|0010_0057_0028_0120_0120.jpg 1 57 28 120 120
20|0011_0029_0032_0079_0079.jpg 1 29 32 79 79
20|0012_0042_0102_0085_0085.jpg 1 42 102 85 85
20|0013_0063_0022_0061_0061.jpg 1 63 22 61 61
20|0014_0020_0076_0114_0114.jpg 1 20 76 114 114
20|0015_0098_0138_0028_0028.jpg 1 98 138 28 28
20|0016_0071_0041_0095_0095.jpg 1 71 41 95 95
20|0017_0142_0076_0041_0041.jpg 1 142 76 41 41
20|0018_0050_0080_0097_0097.jpg 1 50 80 97 97
20|0019_0023_0049_0078_0078.jpg 1 23 49 78 78
20|0020_0094_0011_0090_0090.jpg 1 94 11 90 90
20|0021_0020_0032_0108_0108.jpg 1 20 32 108 108
20|0022_0050_0034_0135_0135.jpg 1 50 34 135 135
20|0023_0051_0044_0137_0137.jpg 1 51 44 137 137
20|0024_0101_0077_0030_0030.jpg 1 101 77 30 30
20|0025_0054_0047_0100_0100.jpg 1 54 47 100 100
20|0026_0128_0040_0040_0040.jpg 1 128 40 40 40
20|0027_0083_0029_0094_0094.jpg 1 83 29 94 94
20|0028_0029_0075_0050_0050.jpg 1 29 75 50 50
20|0029_0044_0042_0129_0129.jpg 1 44 42 129 129
20|0030_0033_0035_0127_0127.jpg 1 33 35 127 127
20|0031_0121_0146_0027_0027.jpg 1 121 146 27 27
20|0032_0021_0132_0052_0052.jpg 1 21 132 52 52
20|0033_0047_0021_0072_0072.jpg 1 47 21 72 72
20|0034_0013_0012_0138_0138.jpg 1 13 12 138 138
20|0035_0030_0044_0128_0128.jpg 1 30 44 128 128
20|0036_0026_0017_0099_0099.jpg 1 26 17 99 99
20|0037_0056_0118_0067_0067.jpg 1 56 118 67 67
20|0038_0009_0056_0109_0109.jpg 1 9 56 109 109
20|0039_0068_0069_0100_0100.jpg 1 68 69 100 100
20|0040_0026_0128_0032_0032.jpg 1 26 128 32 32
20|0041_0044_0013_0139_0139.jpg 1 44 13 139 139
20|0042_0049_0111_0038_0038.jpg 1 49 111 38 38
20|0043_0109_0040_0050_0050.jpg 1 109 40 50 50
20|0044_0081_0042_0090_0090.jpg 1 81 42 90 90
20|0045_0099_0124_0026_0026.jpg 1 99 124 26 26
20|0046_0105_0025_0067_0067.jpg 1 105 25 67 67
20|0047_0128_0102_0053_0053.jpg 1 128 102 53 53
20|0048_0063_0018_0059_0059.jpg 1 63 18 59 59
21|0001_0021_0103_0080_0080.jpg 1 21 103 80 80
21|0002_0028_0041_0060_0060.jpg 1 28 41 60 60
21|0003_0043_0087_0094_0094.jpg 1 43 87 94 94
21|0004_0015_0020_0121_0121.jpg 1 15 20 121 121
21|0005_0014_0018_0069_0069.jpg 1 14 18 69 69
21|0006_0156_0049_0026_0026.jpg 1 156 49 26 26
21|0007_0071_0087_0100_0100.jpg 1 71 87 100 100
21|0008_0075_0082_0090_0090.jpg 1 75 82 90 90
21|0009_0045_0041_0073_0073.jpg 1 45 41 73 73
21|0010_0057_0028_0120_0120.jpg 1 57 28 120 120
21|0011_0029_0032_0079_0079.jpg 1 29 32 79 79
21|0012_0042_0102_0085_0085.jpg 1 42 102 85 85
21|0013_0063_0022_0061_0061.jpg 1 63 22 61 61
21|0014_0020_0076_0114_0114.jpg 1 20 76 114 114
21|0015_0098_0138_0028_0028.jpg 1 98 138 28 28
21|0016_0071_0041_0095_0095.jpg 1 71 41 95 95
21|0017_0142_0076_0041_0041.jpg 1 142 76 41 41
21|0018_0050_0080_0097_0097.jpg 1 50 80 97 97
21|0019_0023_0049_0078_0078.jpg 1 23 49 78 78
21|0020_0094_0011_0090_0090.jpg 1 94 11 90 90
21|0021_0020_0032_0108_0108.jpg 1 20 32 108 108
21|0022_0050_0034_0135_0135.jpg 1 50 34 135 135
21|0023_0051_0044_0137_0137.jpg 1 51 44 137 137
21|0024_0101_0077_0030_0030.jpg 1 101 77 30 30
21|0025_0054_0047_0100_0100.jpg 1 54 47 100 100
21|0026_0128_0040_0040_0040.jpg 1 128 40 40 40
21|0027_0083_0029_0094_0094.jpg 1 83 29 94 94
21|0028_0029_0075_0050_0050.jpg 1 29 75 50 50
21|0029_0044_0042_0129_0129.jpg 1 44 42 129 129
21|0030_0033_0035_0127_0127.jpg 1 33 35 127 127
21|0031_0121_0146_0027_0027.jpg 1 121 146 27 27
21|0032_0021_0132_0052_0052.jpg 1 21 132 52 52
21|0033_0047_0021_0072_0072.jpg 1 47 21 72 72
21|0034_0013_0012_0138_0138.jpg 1 13 12 138 138
21|0035_0030_0044_0128_0128.jpg 1 30 44 128 128
21|0036_0026_0017_0099_0099.jpg 1 26 17 99 99
21|0037_0056_0118_0067_0067.jpg 1 56 118 67 67
21|0038_0009_0056_0109_0109.jpg 1 9 56 109 109
21|0039_0068_0069_0100_0100.jpg 1 68 69 100 100
21|0040_0026_0128_0032_0032.jpg 1 26 128 32 32
21|0041_0044_0013_0139_0139.jpg 1 44 13 139 139
21|0042_0049_0111_0038_0038.jpg 1 49 111 38 38
21|0043_0109_0040_0050_0050.jpg 1 109 40 50 50
21|0044_0081_0042_0090_0090.jpg 1 81 42 90 90
21|0045_0099_0124_0026_0026.jpg 1 99 124 26 26
21|0046_0105_0025_0067_0067.jpg 1 105 25 67 67
21|0047_0128_0102_0053_0053.jpg 1 128 102 53 53
21|0048_0063_0018_0059_0059.jpg 1 63 18 59 59
22|0001_0058_0050_0129_0129.jpg 1 58 50 129 129
22|0002_0044_0019_0125_0125.jpg 1 44 19 125 125
22|0003_0062_0062_0093_0093.jpg 1 62 62 93 93
22|0004_0070_0075_0080_0080.jpg 1 70 75 80 80
22|0005_0131_0018_0044_0044.jpg 1 131 18 44 44
22|0006_0064_0081_0100_0100.jpg 1 64 81 100 100
22|0007_0035_0048_0076_0076.jpg 1 35 48 76 76
22|0008_0136_0031_0047_0047.jpg 1 136 31 47 47
22|0009_0018_0097_0029_0029.jpg 1 18 97 29 29
22|0010_0090_0120_0045_0045.jpg 1 90 120 45 45
22|0011_0083_0072_0079_0079.jpg 1 83 72 79 79
22|0012_0010_0037_0130_0130.jpg 1 10 37 130 130
22|0013_0082_0090_0083_0083.jpg 1 82 90 83 83
22|0014_0011_0033_0136_0136.jpg 1 11 33 136 136
22|0015_0058_0021_0124_0124.jpg 1 58 21 124 124
22|0016_0019_0021_0126_0126.jpg 1 19 21 126 126
22|0017_0072_0072_0114_0114.jpg 1 72 72 114 114
22|0018_0034_0021_0131_0131.jpg 1 34 21 131 131
22|0019_0023_0025_0076_0076.jpg 1 23 25 76 76
22|0020_0040_0053_0107_0107.jpg 1 40 53 107 107
22|0021_0013_0047_0115_0115.jpg 1 13 47 115 115
22|0022_0039_0021_0083_0083.jpg 1 39 21 83 83
22|0023_0028_0022_0078_0078.jpg 1 28 22 78 78
22|0024_0072_0041_0107_0107.jpg 1 72 41 107 107
22|0025_0059_0105_0078_0078.jpg 1 59 105 78 78
22|0026_0022_0111_0055_0055.jpg 1 22 111 55 55
22|0027_0024_0026_0065_0065.jpg 1 24 26 65 65
22|0028_0022_0135_0029_0029.jpg 1 22 135 29 29
22|0029_0090_0070_0090_0090.jpg 1 90 70 90 90
22|0030_0034_0089_0029_0029.jpg 1 34 89 29 29
22|0031_0086_0046_0054_0054.jpg 1 86 46 54 54
22|0032_0043_0009_0133_0133.jpg 1 43 9 133 133
22|0033_0072_0063_0040_0040.jpg 1 72 63 40 40
22|0034_0040_0023_0127_0127.jpg 1 40 23 127 127
22|0035_0052_0063_0114_0114.jpg 1 52 63 114 114
22|0036_0041_0053_0118_0118.jpg 1 41 53 118 118
22|0037_0081_0088_0029_0029.jpg 1 81 88 29 29
22|0038_0061_0047_0091_0091.jpg 1 61 47 91 91
22|0039_0070_0027_0117_0117.jpg 1 70 27 117 117
22|0040_0028_0029_0137_0137.jpg 1 28 29 137 137
22|0041_0080_0097_0087_0087.jpg 1 80 97 87 87
22|0042_0032_0077_0072_0072.jpg 1 32 77 72 72
22|0043_0031_0024_0123_0123.jpg 1 31 24 123 123
22|0044_0022_0039_0133_0133.jpg 1 22 39 133 133
22|0045_0014_0083_0091_0091.jpg 1 14 83 91 91
22|0046_0076_0052_0067_0067.jpg 1 76 52 67 67
22|0047_0119_0055_0054_0054.jpg 1 119 55 54 54
22|0048_0022_0021_0133_0133.jpg 1 22 21 133 133
23|0001_0058_0050_0129_0129.jpg 1 58 50 129 129
23|0002_0044_0019_0125_0125.jpg 1 44 19 125 125
23|0003_0062_0062_0093_0093.jpg 1 62 62 93 93
23|0004_0070_0075_0080_0080.jpg 1 70 75 80 80
23|0005_0131_0018_0044_0044.jpg 1 131 18 44 44
23|0006_0064_0081_0100_0100.jpg 1 64 81 100 100
23|0007_0035_0048_0076_0076.jpg 1 35 48 76 76
23|0008_0136_0031_0047_0047.jpg 1 136 31 47 47
23|0009_0018_0097_0029_0029.jpg 1 18 97 29 29
23|0010_0090_0120_0045_0045.jpg 1 90 120 45 45
23|0011_0083_0072_0079_0079.jpg 1 83 72 79 79
23|0012_0010_0037_0130_0130.jpg 1 10 37 130 130
23|0013_0082_0090_0083_0083.jpg 1 82 90 83 83
23|0014_0011_0033_0136_0136.jpg 1 11 33 136 136
23|0015_0058_0021_0124_0124.jpg 1 58 21 124 124
23|0016_0019_0021_0126_0126.jpg 1 19 21 126 126
23|0017_0072_0072_0114_0114.jpg 1 72 72 114 114
23|0018_0034_0021_0131_0131.jpg 1 34 21 131 131
23|0019_0023_0025_0076_0076.jpg 1 23 25 76 76
23|0020_0040_0053_0107_0107.jpg 1 40 53 107 107
23|0021_0013_0047_0115_0115.jpg 1 13 47 115 115
23|0022_0039_0021_0083_0083.jpg 1 39 21 83 83
23|0023_0028_0022_0078_0078.jpg 1 28 22 78 78
23|0024_0072_0041_0107_0107.jpg 1 72 41 107 107
23|0025_0059_0105_0078_0078.jpg 1 59 105 78 78
23|0026_0022_0111_0055_0055.jpg 1 22 111 55 55
23|0027_0024_0026_0065_0065.jpg 1 24 26 65 65
23|0028_0022_0135_0029_0029.jpg 1 22 135 29 29
23|0029_0090_0070_0090_0090.jpg 1 90 70 90 90
23|0030_0034_0089_0029_0029.jpg 1 34 89 29 29
23|0031_0086_0046_0054_0054.jpg 1 86 46 54 54
23|0032_0043_0009_0133_0133.jpg 1 43 9 133 133
23|0033_0072_0063_0040_0040.jpg 1 72 63 40 40
23|0034_0040_0023_0127_0127.jpg 1 40 23 127 127
23|0035_0052_0063_0114_0114.jpg 1 52 63 114 114
23|0036_0041_0053_0118_0118.jpg 1 41 53 118 118
23|0037_0081_0088_0029_0029.jpg 1 81 88 29 29
23|0038_0061_0047_0091_0091.jpg 1 61 47 91 91
23|0039_0070_0027_0117_0117.jpg 1 70 27 117 117
23|0040_0028_0029_0137_0137.jpg 1 28 29 137 137
23|0041_0080_0097_0087_0087.jpg 1 80 97 87 87
23|0042_0032_0077_0072_0072.jpg 1 32 77 72 72
23|0043_0031_0024_0123_0123.jpg 1 31 24 123 123
23|0044_0022_0039_0133_0133.jpg 1 22 39 133 133
23|0045_0014_0083_0091_0091.jpg 1 14 83 91 91
23|0046_0076_0052_0067_0067.jpg 1 76 52 67 67
23|0047_0119_0055_0054_0054.jpg 1 119 55 54 54
23|0048_0022_0021_0133_0133.jpg 1 22 21 133 133
24|0001_0058_0050_0129_0129.jpg 1 58 50 129 129
24|0002_0044_0019_0125_0125.jpg 1 44 19 125 125
24|0003_0062_0062_0093_0093.jpg 1 62 62 93 93
24|0004_0070_0075_0080_0080.jpg 1 70 75 80 80
24|0005_0131_0018_0044_0044.jpg 1 131 18 44 44
24|0006_0064_0081_0100_0100.jpg 1 64 81 100 100
24|0007_0035_0048_0076_0076.jpg 1 35 48 76 76
24|0008_0136_0031_0047_0047.jpg 1 136 31 47 47
24|0009_0018_0097_0029_0029.jpg 1 18 97 29 29
24|0010_0090_0120_0045_0045.jpg 1 90 120 45 45
24|0011_0083_0072_0079_0079.jpg 1 83 72 79 79
24|0012_0010_0037_0130_0130.jpg 1 10 37 130 130
24|0013_0082_0090_0083_0083.jpg 1 82 90 83 83
24|0014_0011_0033_0136_0136.jpg 1 11 33 136 136
24|0015_0058_0021_0124_0124.jpg 1 58 21 124 124
24|0016_0019_0021_0126_0126.jpg 1 19 21 126 126
24|0017_0072_0072_0114_0114.jpg 1 72 72 114 114
24|0018_0034_0021_0131_0131.jpg 1 34 21 131 131
24|0019_0023_0025_0076_0076.jpg 1 23 25 76 76
24|0020_0040_0053_0107_0107.jpg 1 40 53 107 107
24|0021_0013_0047_0115_0115.jpg 1 13 47 115 115
24|0022_0039_0021_0083_0083.jpg 1 39 21 83 83
24|0023_0028_0022_0078_0078.jpg 1 28 22 78 78
24|0024_0072_0041_0107_0107.jpg 1 72 41 107 107
24|0025_0059_0105_0078_0078.jpg 1 59 105 78 78
24|0026_0022_0111_0055_0055.jpg 1 22 111 55 55
24|0027_0024_0026_0065_0065.jpg 1 24 26 65 65
24|0028_0022_0135_0029_0029.jpg 1 22 135 29 29
24|0029_0090_0070_0090_0090.jpg 1 90 70 90 90
24|0030_0034_0089_0029_0029.jpg 1 34 89 29 29
24|0031_0086_0046_0054_0054.jpg 1 86 46 54 54
24|0032_0043_0009_0133_0133.jpg 1 43 9 133 133
24|0033_0072_0063_0040_0040.jpg 1 72 63 40 40
24|0034_0040_0023_0127_0127.jpg 1 40 23 127 127
24|0035_0052_0063_0114_0114.jpg 1 52 63 114 114
24|0036_0041_0053_0118_0118.jpg 1 41 53 118 118
24|0037_0081_0088_0029_0029.jpg 1 81 88 29 29
24|0038_0061_0047_0091_0091.jpg 1 61 47 91 91
24|0039_0070_0027_0117_0117.jpg 1 70 27 117 117
24|0040_0028_0029_0137_0137.jpg 1 28 29 137 137
24|0041_0080_0097_0087_0087.jpg 1 80 97 87 87
24|0042_0032_0077_0072_0072.jpg 1 32 77 72 72
24|0043_0031_0024_0123_0123.jpg 1 31 24 123 123
24|0044_0022_0039_0133_0133.jpg 1 22 39 133 133
24|0045_0014_0083_0091_0091.jpg 1 14 83 91 91
24|0046_0076_0052_0067_0067.jpg 1 76 52 67 67
24|0047_0119_0055_0054_0054.jpg 1 119 55 54 54
24|0048_0022_0021_0133_0133.jpg 1 22 21 133 133
25|0001_0054_0046_0118_0118.jpg 1 54 46 118 118
25|0002_0012_0015_0130_0130.jpg 1 12 15 130 130
25|0003_0125_0124_0031_0031.jpg 1 125 124 31 31
25|0004_0020_0093_0035_0035.jpg 1 20 93 35 35
25|0005_0036_0053_0072_0072.jpg 1 36 53 72 72
25|0006_0021_0032_0107_0107.jpg 1 21 32 107 107
25|0007_0092_0079_0085_0085.jpg 1 92 79 85 85
25|0008_0024_0070_0113_0113.jpg 1 24 70 113 113
25|0009_0066_0041_0110_0110.jpg 1 66 41 110 110
25|0010_0091_0018_0040_0040.jpg 1 91 18 40 40
25|0011_0128_0077_0036_0036.jpg 1 128 77 36 36
25|0012_0050_0024_0035_0035.jpg 1 50 24 35 35
25|0013_0093_0025_0060_0060.jpg 1 93 25 60 60
25|0014_0121_0018_0042_0042.jpg 1 121 18 42 42
25|0015_0031_0079_0093_0093.jpg 1 31 79 93 93
25|0016_0039_0026_0129_0129.jpg 1 39 26 129 129
25|0017_0071_0034_0104_0104.jpg 1 71 34 104 104
25|0018_0039_0131_0041_0041.jpg 1 39 131 41 41
25|0019_0048_0058_0055_0055.jpg 1 48 58 55 55
25|0020_0033_0034_0090_0090.jpg 1 33 34 90 90
25|0021_0091_0023_0080_0080.jpg 1 91 23 80 80
25|0022_0069_0095_0028_0028.jpg 1 69 95 28 28
25|0023_0060_0093_0095_0095.jpg 1 60 93 95 95
25|0024_0024_0096_0043_0043.jpg 1 24 96 43 43
25|0025_0129_0055_0039_0039.jpg 1 129 55 39 39
25|0026_0028_0044_0042_0042.jpg 1 28 44 42 42
25|0027_0020_0045_0135_0135.jpg 1 20 45 135 135
25|0028_0076_0040_0085_0085.jpg 1 76 40 85 85
25|0029_0020_0026_0121_0121.jpg 1 20 26 121 121
25|0030_0019_0023_0030_0030.jpg 1 19 23 30 30
25|0031_0066_0053_0124_0124.jpg 1 66 53 124 124
25|0032_0026_0111_0075_0075.jpg 1 26 111 75 75
25|0033_0050_0070_0102_0102.jpg 1 50 70 102 102
25|0034_0040_0115_0025_0025.jpg 1 40 115 25 25
25|0035_0057_0056_0067_0067.jpg 1 57 56 67 67
25|0036_0041_0021_0135_0135.jpg 1 41 21 135 135
25|0037_0068_0075_0111_0111.jpg 1 68 75 111 111
25|0038_0044_0153_0029_0029.jpg 1 44 153 29 29
25|0039_0112_0096_0053_0053.jpg 1 112 96 53 53
25|0040_0030_0035_0105_0105.jpg 1 30 35 105 105
25|0041_0058_0122_0047_0047.jpg 1 58 122 47 47
25|0042_0060_0037_0029_0029.jpg 1 60 37 29 29
25|0043_0112_0027_0063_0063.jpg 1 112 27 63 63
25|0044_0111_0097_0069_0069.jpg 1 111 97 69 69
25|0045_0049_0058_0112_0112.jpg 1 49 58 112 112
25|0046_0028_0036_0133_0133.jpg 1 28 36 133 133
25|0047_0058_0047_0106_0106.jpg 1 58 47 106 106
25|0048_0147_0083_0032_0032.jpg 1 147 83 32 32
